<?xml version="1.0" encoding="UTF-8"?>
<testng-results ignored="0" total="1" passed="1" failed="0" skipped="0">
  <reporter-output>
  </reporter-output>
  <suite started-at="2020-12-09T17:13:40 IST" name="Default suite" finished-at="2020-12-09T17:13:45 IST" duration-ms="4898">
    <groups>
    </groups>
    <test started-at="2020-12-09T17:13:40 IST" name="Default test" finished-at="2020-12-09T17:13:45 IST" duration-ms="4898">
      <class name="com.atmecs.api_testing.tests.GetRecords">
        <test-method signature="getApiAuth()[pri:0, instance:com.atmecs.api_testing.tests.GetRecords@27ae2fd0]" started-at="2020-12-09T17:13:40 IST" name="getApiAuth" finished-at="2020-12-09T17:13:45 IST" duration-ms="4850" status="PASS">
          <reporter-output>
          </reporter-output>
        </test-method> <!-- getApiAuth -->
      </class> <!-- com.atmecs.api_testing.tests.GetRecords -->
    </test> <!-- Default test -->
  </suite> <!-- Default suite -->
</testng-results>
