<?xml version="1.0" encoding="UTF-8"?>
<testng-results ignored="0" total="1" passed="1" failed="0" skipped="0">
  <reporter-output>
  </reporter-output>
  <suite started-at="2020-12-10T17:11:01 IST" name="Default suite" finished-at="2020-12-10T17:11:10 IST" duration-ms="8876">
    <groups>
    </groups>
    <test started-at="2020-12-10T17:11:01 IST" name="Default test" finished-at="2020-12-10T17:11:10 IST" duration-ms="8876">
      <class name="com.atmecs.api_testing.tests.GetRecords">
        <test-method is-config="true" signature="initBrowser()[pri:0, instance:com.atmecs.api_testing.tests.GetRecords@6ac13091]" started-at="2020-12-10T17:11:01 IST" name="initBrowser" finished-at="2020-12-10T17:11:06 IST" duration-ms="4802" status="PASS">
          <reporter-output>
          </reporter-output>
        </test-method> <!-- initBrowser -->
        <test-method signature="getApiAuth()[pri:0, instance:com.atmecs.api_testing.tests.GetRecords@6ac13091]" started-at="2020-12-10T17:11:06 IST" name="getApiAuth" finished-at="2020-12-10T17:11:10 IST" duration-ms="4025" status="PASS">
          <reporter-output>
          </reporter-output>
        </test-method> <!-- getApiAuth -->
      </class> <!-- com.atmecs.api_testing.tests.GetRecords -->
    </test> <!-- Default test -->
  </suite> <!-- Default suite -->
</testng-results>
